[2023-12-18T14:20:41.884+0000] {manager.py:487} INFO - Processing files using up to 2 processes at a time 
[2023-12-18T14:20:41.886+0000] {manager.py:488} INFO - Process each file at most once every 30 seconds
[2023-12-18T14:20:41.888+0000] {manager.py:489} INFO - Checking for new files in /opt/airflow/dags every 300 seconds
[2023-12-18T14:20:41.895+0000] {manager.py:755} INFO - Searching for files in /opt/airflow/dags
[2023-12-18T14:20:41.931+0000] {manager.py:758} INFO - There are 1 files in /opt/airflow/dags
[2023-12-18T14:20:42.103+0000] {manager.py:887} INFO - 
================================================================================
DAG File Processing Stats

File Path                        PID  Runtime      # DAGs    # Errors  Last Runtime    Last Run
-----------------------------  -----  ---------  --------  ----------  --------------  ----------
/opt/airflow/dags/main_dag.py    167  0.09s             0           0
================================================================================
[2023-12-18T14:21:12.188+0000] {manager.py:887} INFO - 
================================================================================
DAG File Processing Stats

File Path                      PID    Runtime      # DAGs    # Errors  Last Runtime    Last Run
-----------------------------  -----  ---------  --------  ----------  --------------  -------------------
/opt/airflow/dags/main_dag.py                           1           0  1.86s           2023-12-18T14:20:43
================================================================================
[2023-12-18T14:21:42.452+0000] {manager.py:887} INFO - 
================================================================================
DAG File Processing Stats

File Path                      PID    Runtime      # DAGs    # Errors  Last Runtime    Last Run
-----------------------------  -----  ---------  --------  ----------  --------------  -------------------
/opt/airflow/dags/main_dag.py                           1           0  1.93s           2023-12-18T14:21:16
================================================================================
[2023-12-18T14:22:12.756+0000] {manager.py:887} INFO - 
================================================================================
DAG File Processing Stats

File Path                      PID    Runtime      # DAGs    # Errors  Last Runtime    Last Run
-----------------------------  -----  ---------  --------  ----------  --------------  -------------------
/opt/airflow/dags/main_dag.py                           1           0  1.21s           2023-12-18T14:21:47
================================================================================
[2023-12-18T14:22:42.938+0000] {manager.py:887} INFO - 
================================================================================
DAG File Processing Stats

File Path                      PID    Runtime      # DAGs    # Errors  Last Runtime    Last Run
-----------------------------  -----  ---------  --------  ----------  --------------  -------------------
/opt/airflow/dags/main_dag.py                           1           0  1.02s           2023-12-18T14:22:18
================================================================================
[2023-12-18T14:23:13.106+0000] {manager.py:887} INFO - 
================================================================================
DAG File Processing Stats

File Path                      PID    Runtime      # DAGs    # Errors  Last Runtime    Last Run
-----------------------------  -----  ---------  --------  ----------  --------------  -------------------
/opt/airflow/dags/main_dag.py                           1           0  0.63s           2023-12-18T14:22:49
================================================================================
[2023-12-18T14:23:43.348+0000] {manager.py:887} INFO - 
================================================================================
DAG File Processing Stats

File Path                      PID    Runtime      # DAGs    # Errors  Last Runtime    Last Run
-----------------------------  -----  ---------  --------  ----------  --------------  -------------------
/opt/airflow/dags/main_dag.py                           1           0  0.93s           2023-12-18T14:23:20
================================================================================
[2023-12-18T14:24:13.586+0000] {manager.py:887} INFO - 
================================================================================
DAG File Processing Stats

File Path                      PID    Runtime      # DAGs    # Errors  Last Runtime    Last Run
-----------------------------  -----  ---------  --------  ----------  --------------  -------------------
/opt/airflow/dags/main_dag.py                           1           0  0.57s           2023-12-18T14:23:51
================================================================================
[2023-12-18T14:24:43.905+0000] {manager.py:887} INFO - 
================================================================================
DAG File Processing Stats

File Path                      PID    Runtime      # DAGs    # Errors  Last Runtime    Last Run
-----------------------------  -----  ---------  --------  ----------  --------------  -------------------
/opt/airflow/dags/main_dag.py                           1           0  0.41s           2023-12-18T14:24:22
================================================================================
[2023-12-18T14:25:14.052+0000] {manager.py:887} INFO - 
================================================================================
DAG File Processing Stats

File Path                      PID    Runtime      # DAGs    # Errors  Last Runtime    Last Run
-----------------------------  -----  ---------  --------  ----------  --------------  -------------------
/opt/airflow/dags/main_dag.py                           1           0  0.60s           2023-12-18T14:24:52
================================================================================
[2023-12-18T14:25:42.646+0000] {manager.py:755} INFO - Searching for files in /opt/airflow/dags
[2023-12-18T14:25:42.653+0000] {manager.py:758} INFO - There are 1 files in /opt/airflow/dags
[2023-12-18T14:25:44.684+0000] {manager.py:887} INFO - 
================================================================================
DAG File Processing Stats

File Path                      PID    Runtime      # DAGs    # Errors  Last Runtime    Last Run
-----------------------------  -----  ---------  --------  ----------  --------------  -------------------
/opt/airflow/dags/main_dag.py                           1           0  0.41s           2023-12-18T14:25:23
================================================================================
[2023-12-18T14:26:14.992+0000] {manager.py:887} INFO - 
================================================================================
DAG File Processing Stats

File Path                      PID    Runtime      # DAGs    # Errors  Last Runtime    Last Run
-----------------------------  -----  ---------  --------  ----------  --------------  -------------------
/opt/airflow/dags/main_dag.py                           1           0  0.40s           2023-12-18T14:25:54
================================================================================
[2023-12-18T14:26:45.144+0000] {manager.py:887} INFO - 
================================================================================
DAG File Processing Stats

File Path                      PID    Runtime      # DAGs    # Errors  Last Runtime    Last Run
-----------------------------  -----  ---------  --------  ----------  --------------  -------------------
/opt/airflow/dags/main_dag.py                           1           0  0.43s           2023-12-18T14:26:24
================================================================================
[2023-12-18T14:27:15.507+0000] {manager.py:887} INFO - 
================================================================================
DAG File Processing Stats

File Path                      PID    Runtime      # DAGs    # Errors  Last Runtime    Last Run
-----------------------------  -----  ---------  --------  ----------  --------------  -------------------
/opt/airflow/dags/main_dag.py                           1           0  0.39s           2023-12-18T14:26:55
================================================================================
[2023-12-18T14:27:45.603+0000] {manager.py:887} INFO - 
================================================================================
DAG File Processing Stats

File Path                      PID    Runtime      # DAGs    # Errors  Last Runtime    Last Run
-----------------------------  -----  ---------  --------  ----------  --------------  -------------------
/opt/airflow/dags/main_dag.py                           1           0  0.40s           2023-12-18T14:27:26
================================================================================
[2023-12-18T14:28:16.000+0000] {manager.py:887} INFO - 
================================================================================
DAG File Processing Stats

File Path                      PID    Runtime      # DAGs    # Errors  Last Runtime    Last Run
-----------------------------  -----  ---------  --------  ----------  --------------  -------------------
/opt/airflow/dags/main_dag.py                           1           0  0.38s           2023-12-18T14:27:57
================================================================================
[2023-12-18T14:28:46.604+0000] {manager.py:887} INFO - 
================================================================================
DAG File Processing Stats

File Path                      PID    Runtime      # DAGs    # Errors  Last Runtime    Last Run
-----------------------------  -----  ---------  --------  ----------  --------------  -------------------
/opt/airflow/dags/main_dag.py                           1           0  0.40s           2023-12-18T14:28:27
================================================================================
[2023-12-18T14:29:17.154+0000] {manager.py:887} INFO - 
================================================================================
DAG File Processing Stats

File Path                      PID    Runtime      # DAGs    # Errors  Last Runtime    Last Run
-----------------------------  -----  ---------  --------  ----------  --------------  -------------------
/opt/airflow/dags/main_dag.py                           1           0  0.39s           2023-12-18T14:28:58
================================================================================
[2023-12-18T14:29:47.689+0000] {manager.py:887} INFO - 
================================================================================
DAG File Processing Stats

File Path                      PID    Runtime      # DAGs    # Errors  Last Runtime    Last Run
-----------------------------  -----  ---------  --------  ----------  --------------  -------------------
/opt/airflow/dags/main_dag.py                           1           0  0.39s           2023-12-18T14:29:28
================================================================================
[2023-12-18T14:30:18.205+0000] {manager.py:887} INFO - 
================================================================================
DAG File Processing Stats

File Path                      PID    Runtime      # DAGs    # Errors  Last Runtime    Last Run
-----------------------------  -----  ---------  --------  ----------  --------------  -------------------
/opt/airflow/dags/main_dag.py                           1           0  0.40s           2023-12-18T14:29:59
================================================================================
[2023-12-18T14:30:42.963+0000] {manager.py:755} INFO - Searching for files in /opt/airflow/dags
[2023-12-18T14:30:42.973+0000] {manager.py:758} INFO - There are 1 files in /opt/airflow/dags
[2023-12-18T14:30:48.675+0000] {manager.py:887} INFO - 
================================================================================
DAG File Processing Stats

File Path                      PID    Runtime      # DAGs    # Errors  Last Runtime    Last Run
-----------------------------  -----  ---------  --------  ----------  --------------  -------------------
/opt/airflow/dags/main_dag.py                           1           0  0.48s           2023-12-18T14:30:29
================================================================================
[2023-12-18T14:31:18.742+0000] {manager.py:887} INFO - 
================================================================================
DAG File Processing Stats

File Path                      PID    Runtime      # DAGs    # Errors  Last Runtime    Last Run
-----------------------------  -----  ---------  --------  ----------  --------------  -------------------
/opt/airflow/dags/main_dag.py                           1           0  0.38s           2023-12-18T14:31:00
================================================================================
[2023-12-18T14:31:49.110+0000] {manager.py:887} INFO - 
================================================================================
DAG File Processing Stats

File Path                      PID    Runtime      # DAGs    # Errors  Last Runtime    Last Run
-----------------------------  -----  ---------  --------  ----------  --------------  -------------------
/opt/airflow/dags/main_dag.py                           1           0  0.36s           2023-12-18T14:31:31
================================================================================
[2023-12-18T14:32:19.678+0000] {manager.py:887} INFO - 
================================================================================
DAG File Processing Stats

File Path                      PID    Runtime      # DAGs    # Errors  Last Runtime    Last Run
-----------------------------  -----  ---------  --------  ----------  --------------  -------------------
/opt/airflow/dags/main_dag.py                           1           0  0.37s           2023-12-18T14:32:01
================================================================================
[2023-12-18T14:32:49.721+0000] {manager.py:887} INFO - 
================================================================================
DAG File Processing Stats

File Path                      PID    Runtime      # DAGs    # Errors  Last Runtime    Last Run
-----------------------------  -----  ---------  --------  ----------  --------------  -------------------
/opt/airflow/dags/main_dag.py                           1           0  0.38s           2023-12-18T14:32:32
================================================================================
[2023-12-18T14:33:20.063+0000] {manager.py:887} INFO - 
================================================================================
DAG File Processing Stats

File Path                      PID    Runtime      # DAGs    # Errors  Last Runtime    Last Run
-----------------------------  -----  ---------  --------  ----------  --------------  -------------------
/opt/airflow/dags/main_dag.py                           1           0  0.39s           2023-12-18T14:33:03
================================================================================
[2023-12-18T14:33:50.138+0000] {manager.py:887} INFO - 
================================================================================
DAG File Processing Stats

File Path                      PID    Runtime      # DAGs    # Errors  Last Runtime    Last Run
-----------------------------  -----  ---------  --------  ----------  --------------  -------------------
/opt/airflow/dags/main_dag.py                           1           0  0.42s           2023-12-18T14:33:33
================================================================================
[2023-12-18T14:34:20.538+0000] {manager.py:887} INFO - 
================================================================================
DAG File Processing Stats

File Path                      PID    Runtime      # DAGs    # Errors  Last Runtime    Last Run
-----------------------------  -----  ---------  --------  ----------  --------------  -------------------
/opt/airflow/dags/main_dag.py                           1           0  0.38s           2023-12-18T14:34:04
================================================================================
[2023-12-18T14:34:51.265+0000] {manager.py:887} INFO - 
================================================================================
DAG File Processing Stats

File Path                      PID    Runtime      # DAGs    # Errors  Last Runtime    Last Run
-----------------------------  -----  ---------  --------  ----------  --------------  -------------------
/opt/airflow/dags/main_dag.py                           1           0  0.44s           2023-12-18T14:34:35
================================================================================
[2023-12-18T14:35:21.703+0000] {manager.py:887} INFO - 
================================================================================
DAG File Processing Stats

File Path                      PID    Runtime      # DAGs    # Errors  Last Runtime    Last Run
-----------------------------  -----  ---------  --------  ----------  --------------  -------------------
/opt/airflow/dags/main_dag.py                           1           0  0.37s           2023-12-18T14:35:05
================================================================================
[2023-12-18T14:35:43.414+0000] {manager.py:755} INFO - Searching for files in /opt/airflow/dags
[2023-12-18T14:35:43.436+0000] {manager.py:758} INFO - There are 1 files in /opt/airflow/dags
[2023-12-18T14:35:51.882+0000] {manager.py:887} INFO - 
================================================================================
DAG File Processing Stats

File Path                      PID    Runtime      # DAGs    # Errors  Last Runtime    Last Run
-----------------------------  -----  ---------  --------  ----------  --------------  -------------------
/opt/airflow/dags/main_dag.py                           1           0  0.38s           2023-12-18T14:35:36
================================================================================
[2023-12-18T14:36:22.265+0000] {manager.py:887} INFO - 
================================================================================
DAG File Processing Stats

File Path                      PID    Runtime      # DAGs    # Errors  Last Runtime    Last Run
-----------------------------  -----  ---------  --------  ----------  --------------  -------------------
/opt/airflow/dags/main_dag.py                           1           0  0.42s           2023-12-18T14:36:07
================================================================================
[2023-12-18T14:36:52.761+0000] {manager.py:887} INFO - 
================================================================================
DAG File Processing Stats

File Path                      PID    Runtime      # DAGs    # Errors  Last Runtime    Last Run
-----------------------------  -----  ---------  --------  ----------  --------------  -------------------
/opt/airflow/dags/main_dag.py                           1           0  0.37s           2023-12-18T14:36:37
================================================================================
[2023-12-18T14:37:23.444+0000] {manager.py:887} INFO - 
================================================================================
DAG File Processing Stats

File Path                      PID    Runtime      # DAGs    # Errors  Last Runtime    Last Run
-----------------------------  -----  ---------  --------  ----------  --------------  -------------------
/opt/airflow/dags/main_dag.py                           1           0  0.36s           2023-12-18T14:37:08
================================================================================
[2023-12-18T14:37:53.911+0000] {manager.py:887} INFO - 
================================================================================
DAG File Processing Stats

File Path                      PID    Runtime      # DAGs    # Errors  Last Runtime    Last Run
-----------------------------  -----  ---------  --------  ----------  --------------  -------------------
/opt/airflow/dags/main_dag.py                           1           0  0.37s           2023-12-18T14:37:39
================================================================================
[2023-12-18T14:38:24.575+0000] {manager.py:887} INFO - 
================================================================================
DAG File Processing Stats

File Path                      PID    Runtime      # DAGs    # Errors  Last Runtime    Last Run
-----------------------------  -----  ---------  --------  ----------  --------------  -------------------
/opt/airflow/dags/main_dag.py                           1           0  0.37s           2023-12-18T14:38:09
================================================================================
[2023-12-18T14:38:54.940+0000] {manager.py:887} INFO - 
================================================================================
DAG File Processing Stats

File Path                      PID    Runtime      # DAGs    # Errors  Last Runtime    Last Run
-----------------------------  -----  ---------  --------  ----------  --------------  -------------------
/opt/airflow/dags/main_dag.py                           1           0  0.38s           2023-12-18T14:38:40
================================================================================
[2023-12-18T14:39:25.081+0000] {manager.py:887} INFO - 
================================================================================
DAG File Processing Stats

File Path                      PID    Runtime      # DAGs    # Errors  Last Runtime    Last Run
-----------------------------  -----  ---------  --------  ----------  --------------  -------------------
/opt/airflow/dags/main_dag.py                           1           0  0.42s           2023-12-18T14:39:10
================================================================================
[2023-12-18T14:39:55.404+0000] {manager.py:887} INFO - 
================================================================================
DAG File Processing Stats

File Path                      PID    Runtime      # DAGs    # Errors  Last Runtime    Last Run
-----------------------------  -----  ---------  --------  ----------  --------------  -------------------
/opt/airflow/dags/main_dag.py                           1           0  0.37s           2023-12-18T14:39:41
================================================================================
[2023-12-18T14:40:25.847+0000] {manager.py:887} INFO - 
================================================================================
DAG File Processing Stats

File Path                      PID    Runtime      # DAGs    # Errors  Last Runtime    Last Run
-----------------------------  -----  ---------  --------  ----------  --------------  -------------------
/opt/airflow/dags/main_dag.py                           1           0  0.36s           2023-12-18T14:40:12
================================================================================
[2023-12-18T14:40:43.565+0000] {manager.py:755} INFO - Searching for files in /opt/airflow/dags
[2023-12-18T14:40:43.586+0000] {manager.py:758} INFO - There are 1 files in /opt/airflow/dags
[2023-12-18T14:40:56.528+0000] {manager.py:887} INFO - 
================================================================================
DAG File Processing Stats

File Path                      PID    Runtime      # DAGs    # Errors  Last Runtime    Last Run
-----------------------------  -----  ---------  --------  ----------  --------------  -------------------
/opt/airflow/dags/main_dag.py                           1           0  0.47s           2023-12-18T14:40:42
================================================================================
[2023-12-18T14:41:27.033+0000] {manager.py:887} INFO - 
================================================================================
DAG File Processing Stats

File Path                      PID    Runtime      # DAGs    # Errors  Last Runtime    Last Run
-----------------------------  -----  ---------  --------  ----------  --------------  -------------------
/opt/airflow/dags/main_dag.py                           1           0  0.41s           2023-12-18T14:41:13
================================================================================
[2023-12-18T14:41:57.539+0000] {manager.py:887} INFO - 
================================================================================
DAG File Processing Stats

File Path                      PID    Runtime      # DAGs    # Errors  Last Runtime    Last Run
-----------------------------  -----  ---------  --------  ----------  --------------  -------------------
/opt/airflow/dags/main_dag.py                           1           0  0.38s           2023-12-18T14:41:43
================================================================================
[2023-12-18T14:42:28.129+0000] {manager.py:887} INFO - 
================================================================================
DAG File Processing Stats

File Path                      PID    Runtime      # DAGs    # Errors  Last Runtime    Last Run
-----------------------------  -----  ---------  --------  ----------  --------------  -------------------
/opt/airflow/dags/main_dag.py                           1           0  0.40s           2023-12-18T14:42:14
================================================================================
[2023-12-18T14:42:58.725+0000] {manager.py:887} INFO - 
================================================================================
DAG File Processing Stats

File Path                      PID    Runtime      # DAGs    # Errors  Last Runtime    Last Run
-----------------------------  -----  ---------  --------  ----------  --------------  -------------------
/opt/airflow/dags/main_dag.py                           1           0  0.50s           2023-12-18T14:42:44
================================================================================
[2023-12-18T14:43:29.301+0000] {manager.py:887} INFO - 
================================================================================
DAG File Processing Stats

File Path                      PID    Runtime      # DAGs    # Errors  Last Runtime    Last Run
-----------------------------  -----  ---------  --------  ----------  --------------  -------------------
/opt/airflow/dags/main_dag.py                           1           0  0.38s           2023-12-18T14:43:15
================================================================================
[2023-12-18T14:43:59.821+0000] {manager.py:887} INFO - 
================================================================================
DAG File Processing Stats

File Path                      PID    Runtime      # DAGs    # Errors  Last Runtime    Last Run
-----------------------------  -----  ---------  --------  ----------  --------------  -------------------
/opt/airflow/dags/main_dag.py                           1           0  0.37s           2023-12-18T14:43:45
================================================================================
[2023-12-18T14:44:30.333+0000] {manager.py:887} INFO - 
================================================================================
DAG File Processing Stats

File Path                      PID    Runtime      # DAGs    # Errors  Last Runtime    Last Run
-----------------------------  -----  ---------  --------  ----------  --------------  -------------------
/opt/airflow/dags/main_dag.py                           1           0  0.34s           2023-12-18T14:44:16
================================================================================
[2023-12-18T14:45:00.778+0000] {manager.py:887} INFO - 
================================================================================
DAG File Processing Stats

File Path                      PID    Runtime      # DAGs    # Errors  Last Runtime    Last Run
-----------------------------  -----  ---------  --------  ----------  --------------  -------------------
/opt/airflow/dags/main_dag.py                           1           0  0.36s           2023-12-18T14:44:46
================================================================================
[2023-12-18T14:45:31.319+0000] {manager.py:887} INFO - 
================================================================================
DAG File Processing Stats

File Path                      PID    Runtime      # DAGs    # Errors  Last Runtime    Last Run
-----------------------------  -----  ---------  --------  ----------  --------------  -------------------
/opt/airflow/dags/main_dag.py                           1           0  0.53s           2023-12-18T14:45:17
================================================================================
[2023-12-18T14:45:43.807+0000] {manager.py:755} INFO - Searching for files in /opt/airflow/dags
[2023-12-18T14:45:43.834+0000] {manager.py:758} INFO - There are 1 files in /opt/airflow/dags
[2023-12-18T14:46:01.685+0000] {manager.py:887} INFO - 
================================================================================
DAG File Processing Stats

File Path                      PID    Runtime      # DAGs    # Errors  Last Runtime    Last Run
-----------------------------  -----  ---------  --------  ----------  --------------  -------------------
/opt/airflow/dags/main_dag.py                           1           0  0.38s           2023-12-18T14:45:47
================================================================================
[2023-12-18T14:46:32.500+0000] {manager.py:887} INFO - 
================================================================================
DAG File Processing Stats

File Path                      PID    Runtime      # DAGs    # Errors  Last Runtime    Last Run
-----------------------------  -----  ---------  --------  ----------  --------------  -------------------
/opt/airflow/dags/main_dag.py                           1           0  0.36s           2023-12-18T14:46:18
================================================================================
[2023-12-18T14:47:02.901+0000] {manager.py:887} INFO - 
================================================================================
DAG File Processing Stats

File Path                      PID    Runtime      # DAGs    # Errors  Last Runtime    Last Run
-----------------------------  -----  ---------  --------  ----------  --------------  -------------------
/opt/airflow/dags/main_dag.py                           1           0  0.35s           2023-12-18T14:46:49
================================================================================
[2023-12-18T14:47:33.584+0000] {manager.py:887} INFO - 
================================================================================
DAG File Processing Stats

File Path                      PID    Runtime      # DAGs    # Errors  Last Runtime    Last Run
-----------------------------  -----  ---------  --------  ----------  --------------  -------------------
/opt/airflow/dags/main_dag.py                           1           0  0.41s           2023-12-18T14:47:19
================================================================================
[2023-12-18T14:48:04.003+0000] {manager.py:887} INFO - 
================================================================================
DAG File Processing Stats

File Path                      PID    Runtime      # DAGs    # Errors  Last Runtime    Last Run
-----------------------------  -----  ---------  --------  ----------  --------------  -------------------
/opt/airflow/dags/main_dag.py                           1           0  0.35s           2023-12-18T14:47:50
================================================================================
[2023-12-18T14:48:34.619+0000] {manager.py:887} INFO - 
================================================================================
DAG File Processing Stats

File Path                      PID    Runtime      # DAGs    # Errors  Last Runtime    Last Run
-----------------------------  -----  ---------  --------  ----------  --------------  -------------------
/opt/airflow/dags/main_dag.py                           1           0  0.46s           2023-12-18T14:48:20
================================================================================
[2023-12-18T14:49:05.099+0000] {manager.py:887} INFO - 
================================================================================
DAG File Processing Stats

File Path                      PID    Runtime      # DAGs    # Errors  Last Runtime    Last Run
-----------------------------  -----  ---------  --------  ----------  --------------  -------------------
/opt/airflow/dags/main_dag.py                           1           0  0.39s           2023-12-18T14:48:51
================================================================================
[2023-12-18T14:49:35.880+0000] {manager.py:887} INFO - 
================================================================================
DAG File Processing Stats

File Path                      PID    Runtime      # DAGs    # Errors  Last Runtime    Last Run
-----------------------------  -----  ---------  --------  ----------  --------------  -------------------
/opt/airflow/dags/main_dag.py                           1           0  0.36s           2023-12-18T14:49:21
================================================================================
[2023-12-18T14:50:06.274+0000] {manager.py:887} INFO - 
================================================================================
DAG File Processing Stats

File Path                      PID    Runtime      # DAGs    # Errors  Last Runtime    Last Run
-----------------------------  -----  ---------  --------  ----------  --------------  -------------------
/opt/airflow/dags/main_dag.py                           1           0  0.39s           2023-12-18T14:49:52
================================================================================
[2023-12-18T14:50:36.345+0000] {manager.py:887} INFO - 
================================================================================
DAG File Processing Stats

File Path                      PID    Runtime      # DAGs    # Errors  Last Runtime    Last Run
-----------------------------  -----  ---------  --------  ----------  --------------  -------------------
/opt/airflow/dags/main_dag.py                           1           0  0.41s           2023-12-18T14:50:23
================================================================================
[2023-12-18T14:50:44.130+0000] {manager.py:755} INFO - Searching for files in /opt/airflow/dags
[2023-12-18T14:50:44.157+0000] {manager.py:758} INFO - There are 1 files in /opt/airflow/dags
[2023-12-18T14:51:06.716+0000] {manager.py:887} INFO - 
================================================================================
DAG File Processing Stats

File Path                      PID    Runtime      # DAGs    # Errors  Last Runtime    Last Run
-----------------------------  -----  ---------  --------  ----------  --------------  -------------------
/opt/airflow/dags/main_dag.py                           1           0  0.50s           2023-12-18T14:50:53
================================================================================
[2023-12-18T14:51:37.287+0000] {manager.py:887} INFO - 
================================================================================
DAG File Processing Stats

File Path                      PID    Runtime      # DAGs    # Errors  Last Runtime    Last Run
-----------------------------  -----  ---------  --------  ----------  --------------  -------------------
/opt/airflow/dags/main_dag.py                           1           0  0.38s           2023-12-18T14:51:24
================================================================================
[2023-12-18T14:52:07.762+0000] {manager.py:887} INFO - 
================================================================================
DAG File Processing Stats

File Path                      PID    Runtime      # DAGs    # Errors  Last Runtime    Last Run
-----------------------------  -----  ---------  --------  ----------  --------------  -------------------
/opt/airflow/dags/main_dag.py                           1           0  0.37s           2023-12-18T14:51:54
================================================================================
[2023-12-18T14:52:38.500+0000] {manager.py:887} INFO - 
================================================================================
DAG File Processing Stats

File Path                      PID    Runtime      # DAGs    # Errors  Last Runtime    Last Run
-----------------------------  -----  ---------  --------  ----------  --------------  -------------------
/opt/airflow/dags/main_dag.py                           1           0  0.38s           2023-12-18T14:52:25
================================================================================
[2023-12-18T14:53:08.957+0000] {manager.py:887} INFO - 
================================================================================
DAG File Processing Stats

File Path                      PID    Runtime      # DAGs    # Errors  Last Runtime    Last Run
-----------------------------  -----  ---------  --------  ----------  --------------  -------------------
/opt/airflow/dags/main_dag.py                           1           0  0.38s           2023-12-18T14:52:56
================================================================================
[2023-12-18T14:53:39.678+0000] {manager.py:887} INFO - 
================================================================================
DAG File Processing Stats

File Path                      PID    Runtime      # DAGs    # Errors  Last Runtime    Last Run
-----------------------------  -----  ---------  --------  ----------  --------------  -------------------
/opt/airflow/dags/main_dag.py                           1           0  0.45s           2023-12-18T14:53:26
================================================================================
[2023-12-18T14:54:10.126+0000] {manager.py:887} INFO - 
================================================================================
DAG File Processing Stats

File Path                      PID    Runtime      # DAGs    # Errors  Last Runtime    Last Run
-----------------------------  -----  ---------  --------  ----------  --------------  -------------------
/opt/airflow/dags/main_dag.py                           1           0  0.39s           2023-12-18T14:53:57
================================================================================
[2023-12-18T14:54:40.439+0000] {manager.py:887} INFO - 
================================================================================
DAG File Processing Stats

File Path                      PID    Runtime      # DAGs    # Errors  Last Runtime    Last Run
-----------------------------  -----  ---------  --------  ----------  --------------  -------------------
/opt/airflow/dags/main_dag.py                           1           0  0.34s           2023-12-18T14:54:27
================================================================================
[2023-12-18T14:55:10.594+0000] {manager.py:887} INFO - 
================================================================================
DAG File Processing Stats

File Path                      PID    Runtime      # DAGs    # Errors  Last Runtime    Last Run
-----------------------------  -----  ---------  --------  ----------  --------------  -------------------
/opt/airflow/dags/main_dag.py                           1           0  0.41s           2023-12-18T14:54:58
================================================================================
[2023-12-18T14:55:40.883+0000] {manager.py:887} INFO - 
================================================================================
DAG File Processing Stats

File Path                      PID    Runtime      # DAGs    # Errors  Last Runtime    Last Run
-----------------------------  -----  ---------  --------  ----------  --------------  -------------------
/opt/airflow/dags/main_dag.py                           1           0  0.41s           2023-12-18T14:55:28
================================================================================
[2023-12-18T14:55:44.924+0000] {manager.py:755} INFO - Searching for files in /opt/airflow/dags
[2023-12-18T14:55:44.943+0000] {manager.py:758} INFO - There are 1 files in /opt/airflow/dags
[2023-12-18T14:56:11.412+0000] {manager.py:887} INFO - 
================================================================================
DAG File Processing Stats

File Path                      PID    Runtime      # DAGs    # Errors  Last Runtime    Last Run
-----------------------------  -----  ---------  --------  ----------  --------------  -------------------
/opt/airflow/dags/main_dag.py                           1           0  0.41s           2023-12-18T14:55:59
================================================================================
[2023-12-18T14:56:41.927+0000] {manager.py:887} INFO - 
================================================================================
DAG File Processing Stats

File Path                      PID    Runtime      # DAGs    # Errors  Last Runtime    Last Run
-----------------------------  -----  ---------  --------  ----------  --------------  -------------------
/opt/airflow/dags/main_dag.py                           1           0  0.45s           2023-12-18T14:56:30
================================================================================
[2023-12-18T14:57:12.619+0000] {manager.py:887} INFO - 
================================================================================
DAG File Processing Stats

File Path                      PID    Runtime      # DAGs    # Errors  Last Runtime    Last Run
-----------------------------  -----  ---------  --------  ----------  --------------  -------------------
/opt/airflow/dags/main_dag.py                           1           0  0.39s           2023-12-18T14:57:00
================================================================================
[2023-12-18T14:57:29.005+0000] {manager.py:469} INFO - Exiting gracefully upon receiving signal 15
[2023-12-18T14:58:25.945+0000] {manager.py:487} INFO - Processing files using up to 2 processes at a time 
[2023-12-18T14:58:25.945+0000] {manager.py:488} INFO - Process each file at most once every 30 seconds
[2023-12-18T14:58:25.945+0000] {manager.py:489} INFO - Checking for new files in /opt/airflow/dags every 300 seconds
[2023-12-18T14:58:25.945+0000] {manager.py:755} INFO - Searching for files in /opt/airflow/dags
[2023-12-18T14:58:25.952+0000] {manager.py:758} INFO - There are 1 files in /opt/airflow/dags
[2023-12-18T14:58:25.997+0000] {manager.py:887} INFO - 
================================================================================
DAG File Processing Stats

File Path                        PID  Runtime      # DAGs    # Errors  Last Runtime    Last Run
-----------------------------  -----  ---------  --------  ----------  --------------  ----------
/opt/airflow/dags/main_dag.py    166  0.02s             0           0
================================================================================
[2023-12-18T14:58:56.224+0000] {manager.py:887} INFO - 
================================================================================
DAG File Processing Stats

File Path                      PID    Runtime      # DAGs    # Errors  Last Runtime    Last Run
-----------------------------  -----  ---------  --------  ----------  --------------  -------------------
/opt/airflow/dags/main_dag.py                           1           0  0.46s           2023-12-18T14:58:26
================================================================================
[2023-12-18T14:59:26.537+0000] {manager.py:887} INFO - 
================================================================================
DAG File Processing Stats

File Path                      PID    Runtime      # DAGs    # Errors  Last Runtime    Last Run
-----------------------------  -----  ---------  --------  ----------  --------------  -------------------
/opt/airflow/dags/main_dag.py                           1           0  0.57s           2023-12-18T14:58:57
================================================================================
[2023-12-18T14:59:56.897+0000] {manager.py:887} INFO - 
================================================================================
DAG File Processing Stats

File Path                      PID    Runtime      # DAGs    # Errors  Last Runtime    Last Run
-----------------------------  -----  ---------  --------  ----------  --------------  -------------------
/opt/airflow/dags/main_dag.py                           1           0  0.39s           2023-12-18T14:59:27
================================================================================
[2023-12-18T15:00:27.093+0000] {manager.py:887} INFO - 
================================================================================
DAG File Processing Stats

File Path                      PID    Runtime      # DAGs    # Errors  Last Runtime    Last Run
-----------------------------  -----  ---------  --------  ----------  --------------  -------------------
/opt/airflow/dags/main_dag.py                           1           0  0.39s           2023-12-18T14:59:58
================================================================================
[2023-12-18T15:00:57.535+0000] {manager.py:887} INFO - 
================================================================================
DAG File Processing Stats

File Path                      PID    Runtime      # DAGs    # Errors  Last Runtime    Last Run
-----------------------------  -----  ---------  --------  ----------  --------------  -------------------
/opt/airflow/dags/main_dag.py                           1           0  0.36s           2023-12-18T15:00:29
================================================================================
[2023-12-18T15:01:27.979+0000] {manager.py:887} INFO - 
================================================================================
DAG File Processing Stats

File Path                      PID    Runtime      # DAGs    # Errors  Last Runtime    Last Run
-----------------------------  -----  ---------  --------  ----------  --------------  -------------------
/opt/airflow/dags/main_dag.py                           1           0  0.50s           2023-12-18T15:01:00
================================================================================
[2023-12-18T15:01:58.120+0000] {manager.py:887} INFO - 
================================================================================
DAG File Processing Stats

File Path                      PID    Runtime      # DAGs    # Errors  Last Runtime    Last Run
-----------------------------  -----  ---------  --------  ----------  --------------  -------------------
/opt/airflow/dags/main_dag.py                           1           0  0.41s           2023-12-18T15:01:30
================================================================================
[2023-12-18T15:02:28.474+0000] {manager.py:887} INFO - 
================================================================================
DAG File Processing Stats

File Path                      PID    Runtime      # DAGs    # Errors  Last Runtime    Last Run
-----------------------------  -----  ---------  --------  ----------  --------------  -------------------
/opt/airflow/dags/main_dag.py                           1           0  0.47s           2023-12-18T15:02:01
================================================================================
[2023-12-18T15:02:58.544+0000] {manager.py:887} INFO - 
================================================================================
DAG File Processing Stats

File Path                      PID    Runtime      # DAGs    # Errors  Last Runtime    Last Run
-----------------------------  -----  ---------  --------  ----------  --------------  -------------------
/opt/airflow/dags/main_dag.py                           1           0  0.43s           2023-12-18T15:02:32
================================================================================
[2023-12-18T15:03:26.213+0000] {manager.py:755} INFO - Searching for files in /opt/airflow/dags
[2023-12-18T15:03:26.228+0000] {manager.py:758} INFO - There are 1 files in /opt/airflow/dags
[2023-12-18T15:03:28.927+0000] {manager.py:887} INFO - 
================================================================================
DAG File Processing Stats

File Path                      PID    Runtime      # DAGs    # Errors  Last Runtime    Last Run
-----------------------------  -----  ---------  --------  ----------  --------------  -------------------
/opt/airflow/dags/main_dag.py                           1           0  0.39s           2023-12-18T15:03:02
================================================================================
[2023-12-18T15:03:59.640+0000] {manager.py:887} INFO - 
================================================================================
DAG File Processing Stats

File Path                      PID    Runtime      # DAGs    # Errors  Last Runtime    Last Run
-----------------------------  -----  ---------  --------  ----------  --------------  -------------------
/opt/airflow/dags/main_dag.py                           1           0  0.39s           2023-12-18T15:03:33
================================================================================
[2023-12-18T15:04:30.372+0000] {manager.py:887} INFO - 
================================================================================
DAG File Processing Stats

File Path                      PID    Runtime      # DAGs    # Errors  Last Runtime    Last Run
-----------------------------  -----  ---------  --------  ----------  --------------  -------------------
/opt/airflow/dags/main_dag.py                           1           0  0.43s           2023-12-18T15:04:25
================================================================================
[2023-12-18T15:05:01.048+0000] {manager.py:887} INFO - 
================================================================================
DAG File Processing Stats

File Path                      PID    Runtime      # DAGs    # Errors  Last Runtime    Last Run
-----------------------------  -----  ---------  --------  ----------  --------------  -------------------
/opt/airflow/dags/main_dag.py                           1           0  0.40s           2023-12-18T15:04:38
================================================================================
[2023-12-18T15:05:31.524+0000] {manager.py:887} INFO - 
================================================================================
DAG File Processing Stats

File Path                      PID    Runtime      # DAGs    # Errors  Last Runtime    Last Run
-----------------------------  -----  ---------  --------  ----------  --------------  -------------------
/opt/airflow/dags/main_dag.py                           1           0  0.46s           2023-12-18T15:05:09
================================================================================
[2023-12-18T15:06:02.216+0000] {manager.py:887} INFO - 
================================================================================
DAG File Processing Stats

File Path                      PID    Runtime      # DAGs    # Errors  Last Runtime    Last Run
-----------------------------  -----  ---------  --------  ----------  --------------  -------------------
/opt/airflow/dags/main_dag.py                           1           0  0.43s           2023-12-18T15:05:40
================================================================================
[2023-12-18T15:06:32.582+0000] {manager.py:887} INFO - 
================================================================================
DAG File Processing Stats

File Path                      PID    Runtime      # DAGs    # Errors  Last Runtime    Last Run
-----------------------------  -----  ---------  --------  ----------  --------------  -------------------
/opt/airflow/dags/main_dag.py                           1           0  0.40s           2023-12-18T15:06:10
================================================================================
[2023-12-18T15:07:02.623+0000] {manager.py:887} INFO - 
================================================================================
DAG File Processing Stats

File Path                      PID    Runtime      # DAGs    # Errors  Last Runtime    Last Run
-----------------------------  -----  ---------  --------  ----------  --------------  -------------------
/opt/airflow/dags/main_dag.py                           1           0  0.39s           2023-12-18T15:06:41
================================================================================
[2023-12-18T15:07:27.454+0000] {manager.py:469} INFO - Exiting gracefully upon receiving signal 15
[2023-12-18T15:23:12.251+0000] {manager.py:487} INFO - Processing files using up to 2 processes at a time 
[2023-12-18T15:23:12.252+0000] {manager.py:488} INFO - Process each file at most once every 30 seconds
[2023-12-18T15:23:12.252+0000] {manager.py:489} INFO - Checking for new files in /opt/airflow/dags every 300 seconds
[2023-12-18T15:23:12.252+0000] {manager.py:755} INFO - Searching for files in /opt/airflow/dags
[2023-12-18T15:23:12.263+0000] {manager.py:758} INFO - There are 1 files in /opt/airflow/dags
[2023-12-18T15:23:12.314+0000] {manager.py:887} INFO - 
================================================================================
DAG File Processing Stats

File Path                        PID  Runtime      # DAGs    # Errors  Last Runtime    Last Run
-----------------------------  -----  ---------  --------  ----------  --------------  ----------
/opt/airflow/dags/main_dag.py    167  0.02s             0           0
================================================================================
[2023-12-18T15:23:42.583+0000] {manager.py:887} INFO - 
================================================================================
DAG File Processing Stats

File Path                      PID    Runtime      # DAGs    # Errors  Last Runtime    Last Run
-----------------------------  -----  ---------  --------  ----------  --------------  -------------------
/opt/airflow/dags/main_dag.py                           1           0  0.53s           2023-12-18T15:23:12
================================================================================
[2023-12-18T15:24:12.871+0000] {manager.py:887} INFO - 
================================================================================
DAG File Processing Stats

File Path                      PID    Runtime      # DAGs    # Errors  Last Runtime    Last Run
-----------------------------  -----  ---------  --------  ----------  --------------  -------------------
/opt/airflow/dags/main_dag.py                           1           0  0.47s           2023-12-18T15:23:43
================================================================================
[2023-12-18T15:24:43.177+0000] {manager.py:887} INFO - 
================================================================================
DAG File Processing Stats

File Path                      PID    Runtime      # DAGs    # Errors  Last Runtime    Last Run
-----------------------------  -----  ---------  --------  ----------  --------------  -------------------
/opt/airflow/dags/main_dag.py                           1           0  0.43s           2023-12-18T15:24:14
================================================================================
[2023-12-18T15:25:13.393+0000] {manager.py:887} INFO - 
================================================================================
DAG File Processing Stats

File Path                      PID    Runtime      # DAGs    # Errors  Last Runtime    Last Run
-----------------------------  -----  ---------  --------  ----------  --------------  -------------------
/opt/airflow/dags/main_dag.py                           1           0  0.38s           2023-12-18T15:24:45
================================================================================
[2023-12-18T15:25:43.793+0000] {manager.py:887} INFO - 
================================================================================
DAG File Processing Stats

File Path                      PID    Runtime      # DAGs    # Errors  Last Runtime    Last Run
-----------------------------  -----  ---------  --------  ----------  --------------  -------------------
/opt/airflow/dags/main_dag.py                           1           0  0.40s           2023-12-18T15:25:15
================================================================================
[2023-12-18T15:26:14.190+0000] {manager.py:887} INFO - 
================================================================================
DAG File Processing Stats

File Path                      PID    Runtime      # DAGs    # Errors  Last Runtime    Last Run
-----------------------------  -----  ---------  --------  ----------  --------------  -------------------
/opt/airflow/dags/main_dag.py                           1           0  0.44s           2023-12-18T15:25:46
================================================================================
[2023-12-18T15:26:44.284+0000] {manager.py:887} INFO - 
================================================================================
DAG File Processing Stats

File Path                      PID    Runtime      # DAGs    # Errors  Last Runtime    Last Run
-----------------------------  -----  ---------  --------  ----------  --------------  -------------------
/opt/airflow/dags/main_dag.py                           1           0  0.40s           2023-12-18T15:26:17
================================================================================
[2023-12-18T15:27:14.727+0000] {manager.py:887} INFO - 
================================================================================
DAG File Processing Stats

File Path                      PID    Runtime      # DAGs    # Errors  Last Runtime    Last Run
-----------------------------  -----  ---------  --------  ----------  --------------  -------------------
/opt/airflow/dags/main_dag.py                           1           0  0.38s           2023-12-18T15:26:47
================================================================================
[2023-12-18T15:27:45.396+0000] {manager.py:887} INFO - 
================================================================================
DAG File Processing Stats

File Path                      PID    Runtime      # DAGs    # Errors  Last Runtime    Last Run
-----------------------------  -----  ---------  --------  ----------  --------------  -------------------
/opt/airflow/dags/main_dag.py                           1           0  0.52s           2023-12-18T15:27:18
================================================================================
[2023-12-18T15:28:13.006+0000] {manager.py:755} INFO - Searching for files in /opt/airflow/dags
[2023-12-18T15:28:13.022+0000] {manager.py:758} INFO - There are 1 files in /opt/airflow/dags
[2023-12-18T15:28:16.083+0000] {manager.py:887} INFO - 
================================================================================
DAG File Processing Stats

File Path                      PID    Runtime      # DAGs    # Errors  Last Runtime    Last Run
-----------------------------  -----  ---------  --------  ----------  --------------  -------------------
/opt/airflow/dags/main_dag.py                           1           0  0.39s           2023-12-18T15:27:48
================================================================================
[2023-12-18T15:28:46.416+0000] {manager.py:887} INFO - 
================================================================================
DAG File Processing Stats

File Path                      PID    Runtime      # DAGs    # Errors  Last Runtime    Last Run
-----------------------------  -----  ---------  --------  ----------  --------------  -------------------
/opt/airflow/dags/main_dag.py                           1           0  0.40s           2023-12-18T15:28:19
================================================================================
[2023-12-18T15:29:16.531+0000] {manager.py:887} INFO - 
================================================================================
DAG File Processing Stats

File Path                      PID    Runtime      # DAGs    # Errors  Last Runtime    Last Run
-----------------------------  -----  ---------  --------  ----------  --------------  -------------------
/opt/airflow/dags/main_dag.py                           1           0  0.38s           2023-12-18T15:28:50
================================================================================
[2023-12-18T15:29:46.863+0000] {manager.py:887} INFO - 
================================================================================
DAG File Processing Stats

File Path                      PID    Runtime      # DAGs    # Errors  Last Runtime    Last Run
-----------------------------  -----  ---------  --------  ----------  --------------  -------------------
/opt/airflow/dags/main_dag.py                           1           0  0.58s           2023-12-18T15:29:20
================================================================================
[2023-12-18T15:30:17.661+0000] {manager.py:887} INFO - 
================================================================================
DAG File Processing Stats

File Path                      PID    Runtime      # DAGs    # Errors  Last Runtime    Last Run
-----------------------------  -----  ---------  --------  ----------  --------------  -------------------
/opt/airflow/dags/main_dag.py                           1           0  0.40s           2023-12-18T15:29:51
================================================================================
[2023-12-18T15:30:48.046+0000] {manager.py:887} INFO - 
================================================================================
DAG File Processing Stats

File Path                      PID    Runtime      # DAGs    # Errors  Last Runtime    Last Run
-----------------------------  -----  ---------  --------  ----------  --------------  -------------------
/opt/airflow/dags/main_dag.py                           1           0  0.36s           2023-12-18T15:30:22
================================================================================
[2023-12-18T15:31:18.842+0000] {manager.py:887} INFO - 
================================================================================
DAG File Processing Stats

File Path                      PID    Runtime      # DAGs    # Errors  Last Runtime    Last Run
-----------------------------  -----  ---------  --------  ----------  --------------  -------------------
/opt/airflow/dags/main_dag.py                           1           0  0.37s           2023-12-18T15:30:52
================================================================================
[2023-12-18T15:31:49.260+0000] {manager.py:887} INFO - 
================================================================================
DAG File Processing Stats

File Path                      PID    Runtime      # DAGs    # Errors  Last Runtime    Last Run
-----------------------------  -----  ---------  --------  ----------  --------------  -------------------
/opt/airflow/dags/main_dag.py                           1           0  0.61s           2023-12-18T15:31:23
================================================================================
[2023-12-18T15:32:19.513+0000] {manager.py:887} INFO - 
================================================================================
DAG File Processing Stats

File Path                      PID    Runtime      # DAGs    # Errors  Last Runtime    Last Run
-----------------------------  -----  ---------  --------  ----------  --------------  -------------------
/opt/airflow/dags/main_dag.py                           1           0  0.40s           2023-12-18T15:31:54
================================================================================
[2023-12-18T15:32:49.889+0000] {manager.py:887} INFO - 
================================================================================
DAG File Processing Stats

File Path                      PID    Runtime      # DAGs    # Errors  Last Runtime    Last Run
-----------------------------  -----  ---------  --------  ----------  --------------  -------------------
/opt/airflow/dags/main_dag.py                           1           0  0.41s           2023-12-18T15:32:24
================================================================================
[2023-12-18T15:33:13.519+0000] {manager.py:755} INFO - Searching for files in /opt/airflow/dags
[2023-12-18T15:33:13.533+0000] {manager.py:758} INFO - There are 1 files in /opt/airflow/dags
[2023-12-18T15:33:19.983+0000] {manager.py:887} INFO - 
================================================================================
DAG File Processing Stats

File Path                      PID    Runtime      # DAGs    # Errors  Last Runtime    Last Run
-----------------------------  -----  ---------  --------  ----------  --------------  -------------------
/opt/airflow/dags/main_dag.py                           1           0  0.40s           2023-12-18T15:32:55
================================================================================
[2023-12-18T15:33:50.321+0000] {manager.py:887} INFO - 
================================================================================
DAG File Processing Stats

File Path                      PID    Runtime      # DAGs    # Errors  Last Runtime    Last Run
-----------------------------  -----  ---------  --------  ----------  --------------  -------------------
/opt/airflow/dags/main_dag.py                           1           0  0.62s           2023-12-18T15:33:26
================================================================================
[2023-12-18T15:34:20.669+0000] {manager.py:887} INFO - 
================================================================================
DAG File Processing Stats

File Path                      PID    Runtime      # DAGs    # Errors  Last Runtime    Last Run
-----------------------------  -----  ---------  --------  ----------  --------------  -------------------
/opt/airflow/dags/main_dag.py                           1           0  0.39s           2023-12-18T15:33:57
================================================================================
[2023-12-18T15:34:21.070+0000] {manager.py:469} INFO - Exiting gracefully upon receiving signal 15
